<?xml version="1.0" encoding="UTF-8"?>
<!-- Generated by org.testng.reporters.JUnitReportReporter -->
<testsuite hostname="loknathReddy" failures="0" tests="1" name="TestNG.sample3" time="0.003" errors="0" timestamp="2021-04-17T07:58:02 IST" skipped="0">
  <testcase classname="TestNG.sample3" name="g" time="0.003"/>
  <system-out/>
</testsuite> <!-- TestNG.sample3 -->
