<?xml version="1.0" encoding="UTF-8"?>
<!-- Generated by org.testng.reporters.JUnitReportReporter -->
<testsuite hostname="loknathReddy" failures="0" tests="1" name="TestNG.NewTestExe" time="0.008" errors="0" timestamp="2021-04-16T17:20:26 IST" skipped="0">
  <testcase classname="TestNG.NewTestExe" name="f" time="0.008"/>
  <system-out/>
</testsuite> <!-- TestNG.NewTestExe -->
