<?xml version="1.0" encoding="UTF-8"?>
<!-- Generated by org.testng.reporters.JUnitReportReporter -->
<testsuite hostname="loknathReddy" failures="0" tests="5" name="TestNG.dataprovider" time="0.020" errors="0" timestamp="2021-04-17T20:44:11 IST" skipped="0">
  <testcase classname="TestNG.dataprovider" name="f" time="0.002"/>
  <system-out/>
  <testcase classname="TestNG.dataprovider" name="f" time="0.009"/>
  <system-out/>
  <testcase classname="TestNG.dataprovider" name="f" time="0.003"/>
  <system-out/>
  <testcase classname="TestNG.dataprovider" name="f" time="0.002"/>
  <system-out/>
  <testcase classname="TestNG.dataprovider" name="f" time="0.004"/>
  <system-out/>
</testsuite> <!-- TestNG.dataprovider -->
