<?xml version="1.0" encoding="UTF-8"?>
<!-- Generated by org.testng.reporters.JUnitReportReporter -->
<testsuite hostname="loknathReddy" failures="0" tests="1" name="TestNG.sample2" time="0.002" errors="0" timestamp="2021-04-17T07:58:02 IST" skipped="0">
  <testcase classname="TestNG.sample2" name="f" time="0.002"/>
  <system-out/>
</testsuite> <!-- TestNG.sample2 -->
