<?xml version="1.0" encoding="UTF-8"?>
<!-- Generated by org.testng.reporters.JUnitReportReporter -->
<testsuite hostname="loknathReddy" failures="0" tests="1" name="TestNG.sampleW" time="0.013" errors="0" timestamp="2021-04-16T17:14:27 IST" skipped="0">
  <testcase classname="TestNG.sampleW" name="f" time="0.013"/>
  <system-out/>
</testsuite> <!-- TestNG.sampleW -->
