<?xml version="1.0" encoding="UTF-8"?>
<!-- Generated by org.testng.reporters.JUnitReportReporter -->
<testsuite hostname="loknathReddy" failures="0" tests="3" name="TestNG.NewTest" time="0.023" errors="0" timestamp="2021-04-16T16:35:13 IST" skipped="0">
  <testcase classname="TestNG.NewTest" name="a" time="0.011"/>
  <system-out/>
  <testcase classname="TestNG.NewTest" name="f" time="0.009"/>
  <system-out/>
  <testcase classname="TestNG.NewTest" name="b" time="0.003"/>
  <system-out/>
</testsuite> <!-- TestNG.NewTest -->
