<?xml version="1.0" encoding="UTF-8"?>
<!-- Generated by org.testng.reporters.JUnitReportReporter -->
<testsuite hostname="loknathReddy" failures="0" tests="8" name="TestNG.Sample1" time="0.029" errors="0" timestamp="2021-04-17T07:58:02 IST" skipped="0">
  <testcase classname="TestNG.Sample1" name="hij" time="0.012"/>
  <system-out/>
  <testcase classname="TestNG.Sample1" name="ghi" time="0.003"/>
  <system-out/>
  <testcase classname="TestNG.Sample1" name="fgh" time="0.002"/>
  <system-out/>
  <testcase classname="TestNG.Sample1" name="efg" time="0.002"/>
  <system-out/>
  <testcase classname="TestNG.Sample1" name="def" time="0.005"/>
  <system-out/>
  <testcase classname="TestNG.Sample1" name="abc" time="0.002"/>
  <system-out/>
  <testcase classname="TestNG.Sample1" name="cde" time="0.002"/>
  <system-out/>
  <testcase classname="TestNG.Sample1" name="bcd" time="0.001"/>
  <system-out/>
</testsuite> <!-- TestNG.Sample1 -->
