<?xml version="1.0" encoding="UTF-8"?>
<!-- Generated by org.testng.reporters.JUnitReportReporter -->
<testsuite hostname="loknathReddy" failures="0" tests="4" name="TestNG.dependsonmethod" time="0.020" errors="0" timestamp="2021-04-17T20:59:57 IST" skipped="0">
  <testcase classname="TestNG.dependsonmethod" name="password" time="0.003"/>
  <system-out/>
  <testcase classname="TestNG.dependsonmethod" name="url" time="0.012"/>
  <system-out/>
  <testcase classname="TestNG.dependsonmethod" name="openbrowser" time="0.001"/>
  <system-out/>
  <testcase classname="TestNG.dependsonmethod" name="login" time="0.004"/>
  <system-out/>
</testsuite> <!-- TestNG.dependsonmethod -->
